Arguments: 
  /usr/local/Cellar/node/14.4.0/bin/node /Users/aomkhunpanitchot/.yarn/bin/yarn.js add pupeteer

PATH: 
  /Users/aomkhunpanitchot/miniconda3/bin:/Users/aomkhunpanitchot/miniconda3/condabin:/Users/aomkhunpanitchot/.yarn/bin:/Users/aomkhunpanitchot/.config/yarn/global/node_modules/.bin:/Users/aomkhunpanitchot/.cargo/bin:/usr/local/bin:/usr/bin:/bin:/usr/sbin:/sbin:/usr/local/share/dotnet:~/.dotnet/tools:/Library/Apple/usr/bin:/Users/aomkhunpanitchot/flutter/bin

Yarn version: 
  1.21.1

Node version: 
  14.4.0

Platform: 
  darwin x64

Trace: 
  Error: https://registry.yarnpkg.com/pupeteer: Not found
      at Request.params.callback [as _callback] (/Users/aomkhunpanitchot/.yarn/lib/cli.js:66947:18)
      at Request.self.callback (/Users/aomkhunpanitchot/.yarn/lib/cli.js:140665:22)
      at Request.emit (events.js:315:20)
      at Request.<anonymous> (/Users/aomkhunpanitchot/.yarn/lib/cli.js:141637:10)
      at Request.emit (events.js:315:20)
      at IncomingMessage.<anonymous> (/Users/aomkhunpanitchot/.yarn/lib/cli.js:141559:12)
      at Object.onceWrapper (events.js:421:28)
      at IncomingMessage.emit (events.js:327:22)
      at endReadableNT (_stream_readable.js:1224:12)
      at processTicksAndRejections (internal/process/task_queues.js:84:21)

npm manifest: 
  {
    "name": "p-ae",
    "version": "1.0.0",
    "main": "index.js",
    "license": "MIT"
  }

yarn manifest: 
  No manifest

Lockfile: 
  No lockfile
